0 info it worked if it ends with ok
1 verbose cli [ '/usr/local/bin/node', '/usr/local/bin/npm', 'run', 'start' ]
2 info using npm@6.14.16
3 info using node@v12.22.12
4 verbose config Skipping project config: /home/app/.npmrc. (matches userconfig)
5 verbose run-script [ 'prestart', 'start', 'poststart' ]
6 info lifecycle my-app@0.1.0~prestart: my-app@0.1.0
7 info lifecycle my-app@0.1.0~start: my-app@0.1.0
8 verbose lifecycle my-app@0.1.0~start: unsafe-perm in lifecycle true
9 verbose lifecycle my-app@0.1.0~start: PATH: /usr/local/lib/node_modules/npm/node_modules/npm-lifecycle/node-gyp-bin:/home/app/node_modules/.bin:/usr/local/sbin:/usr/local/bin:/usr/sbin:/usr/bin:/sbin:/bin
10 verbose lifecycle my-app@0.1.0~start: CWD: /home/app
11 silly lifecycle my-app@0.1.0~start: Args: [ '-c', 'react-scripts start' ]
12 info lifecycle my-app@0.1.0~start: Failed to exec start script
13 verbose stack Error: my-app@0.1.0 start: `react-scripts start`
13 verbose stack spawn ENOENT
13 verbose stack     at ChildProcess.<anonymous> (/usr/local/lib/node_modules/npm/node_modules/npm-lifecycle/lib/spawn.js:48:18)
13 verbose stack     at ChildProcess.emit (events.js:314:20)
13 verbose stack     at maybeClose (internal/child_process.js:1022:16)
13 verbose stack     at Process.ChildProcess._handle.onexit (internal/child_process.js:287:5)
14 verbose pkgid my-app@0.1.0
15 verbose cwd /home/app
16 verbose Linux 5.10.16.3-microsoft-standard-WSL2
17 verbose argv "/usr/local/bin/node" "/usr/local/bin/npm" "run" "start"
18 verbose node v12.22.12
19 verbose npm  v6.14.16
20 error code ELIFECYCLE
21 error syscall spawn
22 error file sh
23 error errno ENOENT
24 error my-app@0.1.0 start: `react-scripts start`
24 error spawn ENOENT
25 error Failed at the my-app@0.1.0 start script.
25 error This is probably not a problem with npm. There is likely additional logging output above.
26 verbose exit [ 1, true ]
